Arguments: 
  D:\Program Files\nodejs\node.exe F:\Program Files (x86)\Yarn\bin\yarn.js add vue

PATH: 
  C:\Users\Administrator\bin;D:\Program Files\Git\mingw64\bin;D:\Program Files\Git\usr\local\bin;D:\Program Files\Git\usr\bin;D:\Program Files\Git\usr\bin;D:\Program Files\Git\mingw64\bin;D:\Program Files\Git\usr\bin;C:\Users\Administrator\bin;C:\ProgramData\Oracle\Java\javapath;C:\Windows\system32;C:\Windows;C:\Windows\System32\Wbem;C:\Windows\System32\WindowsPowerShell\v1.0;D:\Program Files\nodejs;D:\Program Files\Git\cmd;F:\Program Files (x86)\Yarn\bin;D:\Program Files (x86)\Microsoft VS Code\bin;C:\Users\Administrator\AppData\Roaming\npm;C:\Users\Administrator\AppData\Local\Yarn\bin;D:\Program Files\Git\usr\bin\vendor_perl;D:\Program Files\Git\usr\bin\core_perl

Yarn version: 
  0.24.6

Node version: 
  6.10.3

Platform: 
  win32 x64

npm manifest: 
  {
    "name": "webpackTest",
    "version": "1.0.0",
    "description": "",
    "main": "index.js",
    "scripts": {
      "test": "echo \"Error: no test specified\" && exit 1",
      "build": "webpack",
      "dev": "webpack-dev-server --open"
    },
    "keywords": [],
    "author": "",
    "license": "ISC",
    "devDependencies": {
      "babel-core": "^6.24.1",
      "babel-loader": "^7.0.0",
      "babel-preset-env": "^1.5.1",
      "babel-preset-es2015": "^6.24.1",
      "css-loader": "^0.28.1",
      "extract-text-webpack-plugin": "^2.1.0",
      "file-loader": "^0.11.1",
      "html-webpack-plugin": "^2.28.0",
      "less": "^2.7.2",
      "less-loader": "^4.0.3",
      "moment": "^2.18.1",
      "style-loader": "^0.17.0",
      "vue-loader": "^12.1.0",
      "vue-template-compiler": "^2.3.3",
      "webpack": "^2.5.1",
      "webpack-dev-server": "^2.4.5"
    },
    "dependencies": {}
  }

yarn manifest: 
  No manifest

Lockfile: 
  No lockfile

Trace: 
  Error: EEXIST: file already exists, mkdir 'C:\Users\Administrator\Desktop\webpackTest\node_modules\acorn-dynamic-import'
      at Error (native)
